added 1000 inputs to 5623e88e-dc70-6a4f-a38b-ccb73be5d5ad
added 1000 inputs to 5623e88e-dc70-6a4f-a38b-ccb73be5d5ad
added 950 inputs to 5623e88e-dc70-6a4f-a38b-ccb73be5d5ad
added 1000 inputs to 5623e88e-dc70-6a4f-a38b-ccb73be5d5ad
added 1000 inputs to 5623e88e-dc70-6a4f-a38b-ccb73be5d5ad
added 1000 inputs to 5623e88e-dc70-6a4f-a38b-ccb73be5d5ad
         c 1182   440132
        cc  254   351897
         h  620   216657
        js 1510   203378
         s   65    88721
        pl  164    85431
        py  188    79270
       asm   32    45631
      html  163    43539
       pod  337    38653
      json  194    31637
        md  343    27893
       txt   43    12749
  markdown   44    12569
       com   39    12395
